{"level":"error","message":"error 메시지"}
{"level":"warn","message":"warn 메시지"}
{"level":"info","message":"info 메시지"}
{"level":"http","message":"http 메시지"}
{"level":"debug","message":"debug 메시지"}
{"level":"error","message":"error 메시지"}
{"level":"warn","message":"warn 메시지"}
{"level":"info","message":"info 메시지"}
{"level":"http","message":"http 메시지"}
{"level":"debug","message":"debug 메시지"}
{"level":"error","message":"error 메시지"}
{"level":"warn","message":"warn 메시지"}
{"level":"info","message":"info 메시지"}
{"level":"http","message":"http 메시지"}
{"level":"debug","message":"debug 메시지"}
{"level":"error","message":"error 메시지"}
{"level":"warn","message":"warn 메시지"}
{"level":"info","message":"info 메시지"}
{"level":"error","message":"error 메시지"}
{"level":"warn","message":"warn 메시지"}
{"level":"info","message":"info 메시지"}
{"level":"error","message":"error 메시지","timestamp":"2022-09-02T01:41:22.605Z"}
{"level":"warn","message":"warn 메시지","timestamp":"2022-09-02T01:41:22.606Z"}
{"level":"info","message":"info 메시지","timestamp":"2022-09-02T01:41:22.606Z"}
{"level":"error","message":"error 메시지","timestamp":"2022-09-02T01:41:23.249Z"}
{"level":"warn","message":"warn 메시지","timestamp":"2022-09-02T01:41:23.250Z"}
{"level":"info","message":"info 메시지","timestamp":"2022-09-02T01:41:23.250Z"}
{"level":"error","message":"error 메시지","timestamp":"2022-09-02T01:51:52.758Z"}
{"level":"warn","message":"warn 메시지","timestamp":"2022-09-02T01:51:52.759Z"}
{"level":"info","message":"info 메시지","timestamp":"2022-09-02T01:51:52.759Z"}
{"level":"error","message":"error 메시지","timestamp":"2022-09-02T01:53:03.871Z"}
{"level":"warn","message":"warn 메시지","timestamp":"2022-09-02T01:53:03.872Z"}
{"level":"info","message":"info 메시지","timestamp":"2022-09-02T01:53:03.872Z"}
{"level":"error","message":"error 메시지","timestamp":"2022-09-02T01:54:37.981Z"}
{"level":"warn","message":"warn 메시지","timestamp":"2022-09-02T01:54:37.982Z"}
{"level":"info","message":"info 메시지","timestamp":"2022-09-02T01:54:37.982Z"}
{"level":"error","message":"error 메시지","timestamp":"2022-09-02T01:54:39.452Z"}
{"level":"warn","message":"warn 메시지","timestamp":"2022-09-02T01:54:39.453Z"}
{"level":"info","message":"info 메시지","timestamp":"2022-09-02T01:54:39.453Z"}
{"level":"error","message":"error 메시지","timestamp":"2022-09-02T01:54:57.477Z"}
{"level":"warn","message":"warn 메시지","timestamp":"2022-09-02T01:54:57.477Z"}
{"level":"info","message":"info 메시지","timestamp":"2022-09-02T01:54:57.477Z"}
